2020-06-15T07:08:06+00:00 CRITICAL Maximum execution time of 120 seconds exceeded in C:\xamp\htdocs\NE\PracticaWoodmart\wp-includes\wp-db.php on line 2024

2020-06-15T07:36:34+00:00 CRITICAL Maximum execution time of 120 seconds exceeded in C:\xamp\htdocs\NE\PracticaWoodmart\wp-includes\wp-db.php on line 2024

2020-06-15T07:43:59+00:00 CRITICAL Maximum execution time of 120 seconds exceeded in C:\xamp\htdocs\NE\PracticaWoodmart\wp-includes\class-wp-image-editor-gd.php on line 191

2020-06-15T07:45:39+00:00 CRITICAL Maximum execution time of 120 seconds exceeded in C:\xamp\htdocs\NE\PracticaWoodmart\wp-includes\wp-db.php on line 2024

2020-06-15T07:53:53+00:00 CRITICAL Maximum execution time of 120 seconds exceeded in C:\xamp\htdocs\NE\PracticaWoodmart\wp-includes\class-wp-image-editor-gd.php on line 191

2020-06-15T07:56:06+00:00 CRITICAL Maximum execution time of 120 seconds exceeded in C:\xamp\htdocs\NE\PracticaWoodmart\wp-includes\wp-db.php on line 2024

2020-06-15T08:18:17+00:00 CRITICAL Maximum execution time of 120 seconds exceeded in C:\xamp\htdocs\NE\PracticaWoodmart\wp-includes\wp-db.php on line 2024

2020-06-15T11:25:01+00:00 CRITICAL Maximum execution time of 120 seconds exceeded in C:\xamp\htdocs\NE\PracticaWoodmart\wp-includes\wp-db.php on line 2024

2020-06-15T11:25:32+00:00 CRITICAL Maximum execution time of 120 seconds exceeded in C:\xamp\htdocs\NE\PracticaWoodmart\wp-includes\wp-db.php on line 2024

2020-06-15T11:30:34+00:00 CRITICAL Maximum execution time of 120 seconds exceeded in C:\xamp\htdocs\NE\PracticaWoodmart\wp-includes\Requests\Transport\cURL.php on line 163

2020-06-15T11:35:20+00:00 CRITICAL Maximum execution time of 120 seconds exceeded in C:\xamp\htdocs\NE\PracticaWoodmart\wp-includes\wp-db.php on line 2024

2020-06-15T11:35:54+00:00 CRITICAL Maximum execution time of 120 seconds exceeded in C:\xamp\htdocs\NE\PracticaWoodmart\wp-includes\wp-db.php on line 2024

2020-06-15T11:54:51+00:00 CRITICAL Maximum execution time of 120 seconds exceeded in C:\xamp\htdocs\NE\PracticaWoodmart\wp-includes\l10n.php on line 669

2020-06-15T11:55:21+00:00 CRITICAL Maximum execution time of 120 seconds exceeded in C:\xamp\htdocs\NE\PracticaWoodmart\wp-includes\wp-db.php on line 2024

2020-06-15T11:55:52+00:00 CRITICAL Maximum execution time of 120 seconds exceeded in C:\xamp\htdocs\NE\PracticaWoodmart\wp-content\plugins\safe-svg\lib\vendor\composer\ClassLoader.php on line 423

2020-06-15T11:56:22+00:00 CRITICAL Maximum execution time of 120 seconds exceeded in C:\xamp\htdocs\NE\PracticaWoodmart\wp-content\plugins\woocommerce\includes\admin\class-wc-admin-assets.php on line 11

2020-06-15T11:56:51+00:00 CRITICAL Maximum execution time of 120 seconds exceeded in C:\xamp\htdocs\NE\PracticaWoodmart\wp-includes\wp-db.php on line 2024

2020-06-15T12:00:06+00:00 CRITICAL Maximum execution time of 120 seconds exceeded in C:\xamp\htdocs\NE\PracticaWoodmart\wp-content\themes\woodmart\inc\admin\redux\fields\woodmart_multi_fonts.php on line 1

2020-06-15T12:00:35+00:00 CRITICAL Maximum execution time of 120 seconds exceeded in C:\xamp\htdocs\NE\PracticaWoodmart\wp-content\themes\woodmart\inc\classes\Theme.php on line 325

2020-06-15T12:01:05+00:00 CRITICAL Maximum execution time of 120 seconds exceeded in C:\xamp\htdocs\NE\PracticaWoodmart\wp-admin\includes\class-wp-site-health.php on line 2315

2020-06-15T12:01:37+00:00 CRITICAL Maximum execution time of 120 seconds exceeded in C:\xamp\htdocs\NE\PracticaWoodmart\wp-includes\wp-db.php on line 2024

2020-06-15T12:02:09+00:00 CRITICAL Maximum execution time of 120 seconds exceeded in C:\xamp\htdocs\NE\PracticaWoodmart\wp-includes\wp-db.php on line 2024

2020-06-15T12:34:08+00:00 CRITICAL Maximum execution time of 120 seconds exceeded in C:\xamp\htdocs\NE\PracticaWoodmart\wp-content\plugins\woocommerce\packages\action-scheduler\classes\abstracts\ActionScheduler.php on line 121

2020-06-15T13:29:40+00:00 CRITICAL Maximum execution time of 120 seconds exceeded in C:\xamp\htdocs\NE\PracticaWoodmart\wp-includes\widgets\class-wp-nav-menu-widget.php on line 175

2020-06-15T13:32:40+00:00 CRITICAL Maximum execution time of 120 seconds exceeded in C:\xamp\htdocs\NE\PracticaWoodmart\wp-content\plugins\woocommerce\packages\woocommerce-admin\src\Notes\NoteTraits.php on line 12

2020-06-15T13:33:37+00:00 CRITICAL Maximum execution time of 120 seconds exceeded in C:\xamp\htdocs\NE\PracticaWoodmart\wp-content\plugins\woodmart-core\post-types.php on line 598

2020-06-15T13:34:38+00:00 CRITICAL Maximum execution time of 120 seconds exceeded in C:\xamp\htdocs\NE\PracticaWoodmart\wp-content\plugins\woocommerce\packages\woocommerce-rest-api\src\Package.php on line 10

2020-06-15T13:38:37+00:00 CRITICAL Maximum execution time of 120 seconds exceeded in C:\xamp\htdocs\NE\PracticaWoodmart\wp-includes\widgets\class-wp-widget-archives.php on line 209

2020-06-15T13:43:41+00:00 CRITICAL Maximum execution time of 120 seconds exceeded in C:\xamp\htdocs\NE\PracticaWoodmart\wp-content\plugins\woocommerce\packages\woocommerce-admin\src\API\Reports\Products\DataStore.php on line 10

2020-06-15T13:44:36+00:00 CRITICAL Maximum execution time of 120 seconds exceeded in C:\xamp\htdocs\NE\PracticaWoodmart\wp-content\themes\woodmart\functions.php on line 64

2020-06-15T13:45:39+00:00 CRITICAL Maximum execution time of 120 seconds exceeded in C:\xamp\htdocs\NE\PracticaWoodmart\wp-includes\widgets\class-wp-widget-calendar.php on line 103

2020-06-15T14:18:40+00:00 CRITICAL Maximum execution time of 120 seconds exceeded in C:\xamp\htdocs\NE\PracticaWoodmart\wp-includes\widgets\class-wp-widget-search.php on line 92

2020-06-15T14:19:38+00:00 CRITICAL Maximum execution time of 120 seconds exceeded in C:\xamp\htdocs\NE\PracticaWoodmart\wp-includes\widgets\class-wp-widget-rss.php on line 145

2020-06-15T14:29:40+00:00 CRITICAL Maximum execution time of 120 seconds exceeded in C:\xamp\htdocs\NE\PracticaWoodmart\wp-includes\pluggable-deprecated.php on line 18

2020-06-15T14:37:38+00:00 CRITICAL Maximum execution time of 120 seconds exceeded in C:\xamp\htdocs\NE\PracticaWoodmart\wp-content\plugins\woocommerce\packages\action-scheduler\deprecated\functions.php on line 127

